<?xml version="1.0" encoding="UTF-8"?>
<testng-results ignored="0" total="1" passed="1" failed="0" skipped="0">
  <reporter-output>
  </reporter-output>
  <suite started-at="2022-10-19T09:16:27 CST" name="Surefire suite" finished-at="2022-10-19T09:16:27 CST" duration-ms="75">
    <groups>
    </groups>
    <test started-at="2022-10-19T09:16:27 CST" name="Surefire test" finished-at="2022-10-19T09:16:27 CST" duration-ms="75">
      <class name="com.test.SeleniumMaven.AppTest">
        <test-method signature="shouldAnswerWithTrue()" started-at="2022-10-19T09:16:27 CST" name="shouldAnswerWithTrue" finished-at="2022-10-19T09:16:27 CST" duration-ms="11" status="PASS">
          <reporter-output>
          </reporter-output>
        </test-method> <!-- shouldAnswerWithTrue -->
      </class> <!-- com.test.SeleniumMaven.AppTest -->
    </test> <!-- Surefire test -->
  </suite> <!-- Surefire suite -->
</testng-results>
