<?xml version="1.0" encoding="UTF-8"?>
<!-- Generated by org.testng.reporters.JUnitXMLReporter -->
<testsuite ignored="0" hostname="Josue" failures="0" tests="6" name="Surefire test" time="17.036" errors="0" timestamp="2022-10-19T09:16:24 CST">
  <testcase classname="com.test.SeleniumMaven.SelTest" name="css" time="4.769"/>
  <testcase classname="com.test.SeleniumMaven.SelTest" name="cssDisabled" time="2.603"/>
  <testcase classname="com.test.SeleniumMaven.SelTest" name="xpath" time="3.015"/>
  <testcase classname="com.test.SeleniumMaven.SelTest" name="xpathContains" time="2.562"/>
  <testcase classname="com.test.SeleniumMaven.SelTest" name="xpathContainsDisabled" time="1.97"/>
  <testcase classname="com.test.SeleniumMaven.SelTest" name="xpathDisabled" time="1.934"/>
</testsuite> <!-- Surefire test -->
