<?xml version="1.0" encoding="UTF-8"?>
<testsuite xmlns:xsi="http://www.w3.org/2001/XMLSchema-instance" xsi:noNamespaceSchemaLocation="https://maven.apache.org/surefire/maven-surefire-plugin/xsd/surefire-test-report.xsd" name="TestSuite" time="32.931" tests="7" errors="0" skipped="0" failures="0">
  <properties>
[...]
</properties>
  <testcase name="css" classname="com.test.SeleniumMaven.SelTest" time="4.774"/>
  <testcase name="cssDisabled" classname="com.test.SeleniumMaven.SelTest" time="2.598"/>
  <testcase name="xpath" classname="com.test.SeleniumMaven.SelTest" time="3.016"/>
  <testcase name="xpathContains" classname="com.test.SeleniumMaven.SelTest" time="2.563"/>
  <testcase name="xpathContainsDisabled" classname="com.test.SeleniumMaven.SelTest" time="1.97"/>
  <testcase name="xpathDisabled" classname="com.test.SeleniumMaven.SelTest" time="1.934"/>
  <testcase name="shouldAnswerWithTrue on shouldAnswerWithTrue(com.test.SeleniumMaven.AppTest)" classname="com.test.SeleniumMaven.AppTest" time="0.001"/>
</testsuite>